{"Contracts\\HaitiAidShield.sol":{"l":{"37":8,"38":8,"39":11,"40":7,"41":7,"44":8,"45":7,"53":7,"54":7,"55":7,"56":7,"66":3,"67":3,"68":3,"69":3,"70":3,"71":3,"72":3,"74":3,"78":4,"79":4,"80":4,"82":3,"83":3,"85":3,"87":3,"88":1,"93":1,"94":1,"96":1,"97":1,"99":1,"100":1,"102":1,"106":1},"path":"C:\\Users\\vladi_yqlvb38\\HaitiAidShield\\Contracts\\HaitiAidShield.sol","s":{"1":8,"2":8,"3":11,"4":8,"5":7,"6":7,"7":3,"8":3,"9":4,"10":4,"11":4,"12":3,"13":3,"14":1,"15":1,"16":1,"17":1,"18":1,"19":1,"20":1},"b":{"1":[7,4],"2":[7,1],"3":[7,0],"4":[7,0],"5":[3,1],"6":[4,0],"7":[4,0],"8":[4,0],"9":[3,1],"10":[1,2],"11":[1,0],"12":[1,0]},"f":{"1":8,"2":7,"3":3,"4":4,"5":1,"6":1},"fnMap":{"1":{"name":"onlyTrustee","line":36,"loc":{"start":{"line":36,"column":4},"end":{"line":46,"column":4}}},"2":{"name":"constructor","line":52,"loc":{"start":{"line":52,"column":4},"end":{"line":57,"column":4}}},"3":{"name":"proposeAid","line":65,"loc":{"start":{"line":65,"column":4},"end":{"line":75,"column":4}}},"4":{"name":"approveAid","line":77,"loc":{"start":{"line":77,"column":4},"end":{"line":90,"column":4}}},"5":{"name":"executeDisbursement","line":92,"loc":{"start":{"line":92,"column":4},"end":{"line":103,"column":4}}},"6":{"name":"getContractBalance","line":105,"loc":{"start":{"line":105,"column":4},"end":{"line":107,"column":4}}}},"statementMap":{"1":{"start":{"line":37,"column":8},"end":{"line":37,"column":31}},"2":{"start":{"line":38,"column":8},"end":{"line":38,"column":1351}},"3":{"start":{"line":39,"column":12},"end":{"line":39,"column":1413}},"4":{"start":{"line":44,"column":8},"end":{"line":44,"column":69}},"5":{"start":{"line":53,"column":8},"end":{"line":53,"column":80}},"6":{"start":{"line":54,"column":8},"end":{"line":54,"column":64}},"7":{"start":{"line":67,"column":8},"end":{"line":67,"column":53}},"8":{"start":{"line":74,"column":8},"end":{"line":74,"column":74}},"9":{"start":{"line":78,"column":8},"end":{"line":78,"column":69}},"10":{"start":{"line":79,"column":8},"end":{"line":79,"column":73}},"11":{"start":{"line":80,"column":8},"end":{"line":80,"column":92}},"12":{"start":{"line":85,"column":8},"end":{"line":85,"column":48}},"13":{"start":{"line":87,"column":8},"end":{"line":87,"column":3193}},"14":{"start":{"line":88,"column":12},"end":{"line":88,"column":42}},"15":{"start":{"line":93,"column":8},"end":{"line":93,"column":51}},"16":{"start":{"line":94,"column":8},"end":{"line":94,"column":82}},"17":{"start":{"line":99,"column":8},"end":{"line":99,"column":64}},"18":{"start":{"line":100,"column":8},"end":{"line":100,"column":42}},"19":{"start":{"line":102,"column":8},"end":{"line":102,"column":60}},"20":{"start":{"line":106,"column":8},"end":{"line":106,"column":36}}},"branchMap":{"1":{"line":39,"type":"if","locations":[{"start":{"line":39,"column":12},"end":{"line":39,"column":12}},{"start":{"line":39,"column":12},"end":{"line":39,"column":12}}]},"2":{"line":44,"type":"if","locations":[{"start":{"line":44,"column":8},"end":{"line":44,"column":8}},{"start":{"line":44,"column":8},"end":{"line":44,"column":8}}]},"3":{"line":53,"type":"if","locations":[{"start":{"line":53,"column":8},"end":{"line":53,"column":8}},{"start":{"line":53,"column":8},"end":{"line":53,"column":8}}]},"4":{"line":54,"type":"if","locations":[{"start":{"line":54,"column":8},"end":{"line":54,"column":8}},{"start":{"line":54,"column":8},"end":{"line":54,"column":8}}]},"5":{"line":65,"type":"if","locations":[{"start":{"line":65,"column":101},"end":{"line":65,"column":101}},{"start":{"line":65,"column":101},"end":{"line":65,"column":101}}]},"6":{"line":77,"type":"if","locations":[{"start":{"line":77,"column":48},"end":{"line":77,"column":48}},{"start":{"line":77,"column":48},"end":{"line":77,"column":48}}]},"7":{"line":78,"type":"if","locations":[{"start":{"line":78,"column":8},"end":{"line":78,"column":8}},{"start":{"line":78,"column":8},"end":{"line":78,"column":8}}]},"8":{"line":79,"type":"if","locations":[{"start":{"line":79,"column":8},"end":{"line":79,"column":8}},{"start":{"line":79,"column":8},"end":{"line":79,"column":8}}]},"9":{"line":80,"type":"if","locations":[{"start":{"line":80,"column":8},"end":{"line":80,"column":8}},{"start":{"line":80,"column":8},"end":{"line":80,"column":8}}]},"10":{"line":87,"type":"if","locations":[{"start":{"line":87,"column":8},"end":{"line":87,"column":8}},{"start":{"line":87,"column":8},"end":{"line":87,"column":8}}]},"11":{"line":94,"type":"if","locations":[{"start":{"line":94,"column":8},"end":{"line":94,"column":8}},{"start":{"line":94,"column":8},"end":{"line":94,"column":8}}]},"12":{"line":100,"type":"if","locations":[{"start":{"line":100,"column":8},"end":{"line":100,"column":8}},{"start":{"line":100,"column":8},"end":{"line":100,"column":8}}]}}}}