{
"contracts\\HaitiAidShield.sol":{"l":{"37":0,"38":0,"39":0,"40":0,"41":0,"44":0,"45":0,"53":0,"54":0,"55":0,"56":0,"66":0,"67":0,"68":0,"69":0,"70":0,"71":0,"72":0,"74":0,"78":0,"79":0,"80":0,"82":0,"83":0,"85":0,"87":0,"88":0,"93":0,"94":0,"96":0,"97":0,"99":0,"100":0,"102":0,"106":0},"path":"C:\\Users\\vladi_yqlvb38\\HaitiAidShield\\contracts\\HaitiAidShield.sol","s":{"1":0,"2":0,"3":0,"4":0,"5":0,"6":0,"7":0,"8":0,"9":0,"10":0,"11":0,"12":0,"13":0,"14":0,"15":0,"16":0,"17":0,"18":0,"19":0,"20":0},"b":{"1":[0,0],"2":[0,0],"3":[0,0],"4":[0,0],"5":[0,0],"6":[0,0],"7":[0,0],"8":[0,0],"9":[0,0],"10":[0,0],"11":[0,0],"12":[0,0]},"f":{"1":0,"2":0,"3":0,"4":0,"5":0,"6":0},"fnMap":{"1":{"name":"onlyTrustee","line":36,"loc":{"start":{"line":36,"column":4},"end":{"line":46,"column":4}}},"2":{"name":"constructor","line":52,"loc":{"start":{"line":52,"column":4},"end":{"line":57,"column":4}}},"3":{"name":"proposeAid","line":65,"loc":{"start":{"line":65,"column":4},"end":{"line":75,"column":4}}},"4":{"name":"approveAid","line":77,"loc":{"start":{"line":77,"column":4},"end":{"line":90,"column":4}}},"5":{"name":"executeDisbursement","line":92,"loc":{"start":{"line":92,"column":4},"end":{"line":103,"column":4}}},"6":{"name":"getContractBalance","line":105,"loc":{"start":{"line":105,"column":4},"end":{"line":107,"column":4}}}},"statementMap":{"1":{"start":{"line":37,"column":8},"end":{"line":37,"column":31}},"2":{"start":{"line":38,"column":8},"end":{"line":38,"column":1351}},"3":{"start":{"line":39,"column":12},"end":{"line":39,"column":1413}},"4":{"start":{"line":44,"column":8},"end":{"line":44,"column":69}},"5":{"start":{"line":53,"column":8},"end":{"line":53,"column":80}},"6":{"start":{"line":54,"column":8},"end":{"line":54,"column":64}},"7":{"start":{"line":67,"column":8},"end":{"line":67,"column":53}},"8":{"start":{"line":74,"column":8},"end":{"line":74,"column":74}},"9":{"start":{"line":78,"column":8},"end":{"line":78,"column":69}},"10":{"start":{"line":79,"column":8},"end":{"line":79,"column":73}},"11":{"start":{"line":80,"column":8},"end":{"line":80,"column":92}},"12":{"start":{"line":85,"column":8},"end":{"line":85,"column":48}},"13":{"start":{"line":87,"column":8},"end":{"line":87,"column":3193}},"14":{"start":{"line":88,"column":12},"end":{"line":88,"column":42}},"15":{"start":{"line":93,"column":8},"end":{"line":93,"column":51}},"16":{"start":{"line":94,"column":8},"end":{"line":94,"column":82}},"17":{"start":{"line":99,"column":8},"end":{"line":99,"column":64}},"18":{"start":{"line":100,"column":8},"end":{"line":100,"column":42}},"19":{"start":{"line":102,"column":8},"end":{"line":102,"column":60}},"20":{"start":{"line":106,"column":8},"end":{"line":106,"column":36}}},"branchMap":{"1":{"line":39,"type":"if","locations":[{"start":{"line":39,"column":12},"end":{"line":39,"column":12}},{"start":{"line":39,"column":12},"end":{"line":39,"column":12}}]},"2":{"line":44,"type":"if","locations":[{"start":{"line":44,"column":8},"end":{"line":44,"column":8}},{"start":{"line":44,"column":8},"end":{"line":44,"column":8}}]},"3":{"line":53,"type":"if","locations":[{"start":{"line":53,"column":8},"end":{"line":53,"column":8}},{"start":{"line":53,"column":8},"end":{"line":53,"column":8}}]},"4":{"line":54,"type":"if","locations":[{"start":{"line":54,"column":8},"end":{"line":54,"column":8}},{"start":{"line":54,"column":8},"end":{"line":54,"column":8}}]},"5":{"line":65,"type":"if","locations":[{"start":{"line":65,"column":101},"end":{"line":65,"column":101}},{"start":{"line":65,"column":101},"end":{"line":65,"column":101}}]},"6":{"line":77,"type":"if","locations":[{"start":{"line":77,"column":48},"end":{"line":77,"column":48}},{"start":{"line":77,"column":48},"end":{"line":77,"column":48}}]},"7":{"line":78,"type":"if","locations":[{"start":{"line":78,"column":8},"end":{"line":78,"column":8}},{"start":{"line":78,"column":8},"end":{"line":78,"column":8}}]},"8":{"line":79,"type":"if","locations":[{"start":{"line":79,"column":8},"end":{"line":79,"column":8}},{"start":{"line":79,"column":8},"end":{"line":79,"column":8}}]},"9":{"line":80,"type":"if","locations":[{"start":{"line":80,"column":8},"end":{"line":80,"column":8}},{"start":{"line":80,"column":8},"end":{"line":80,"column":8}}]},"10":{"line":87,"type":"if","locations":[{"start":{"line":87,"column":8},"end":{"line":87,"column":8}},{"start":{"line":87,"column":8},"end":{"line":87,"column":8}}]},"11":{"line":94,"type":"if","locations":[{"start":{"line":94,"column":8},"end":{"line":94,"column":8}},{"start":{"line":94,"column":8},"end":{"line":94,"column":8}}]},"12":{"line":100,"type":"if","locations":[{"start":{"line":100,"column":8},"end":{"line":100,"column":8}},{"start":{"line":100,"column":8},"end":{"line":100,"column":8}}]}}}}
