TN:
SF:C:\Users\vladi_yqlvb38\HaitiAidShield\Contracts\HaitiAidShield.sol
FN:36,onlyTrustee
FN:52,constructor
FN:65,proposeAid
FN:77,approveAid
FN:92,executeDisbursement
FN:105,getContractBalance
FNF:6
FNH:6
FNDA:8,onlyTrustee
FNDA:7,constructor
FNDA:3,proposeAid
FNDA:4,approveAid
FNDA:1,executeDisbursement
FNDA:1,getContractBalance
DA:37,8
DA:38,8
DA:39,11
DA:40,7
DA:41,7
DA:44,8
DA:45,7
DA:53,7
DA:54,7
DA:55,7
DA:56,7
DA:66,3
DA:67,3
DA:68,3
DA:69,3
DA:70,3
DA:71,3
DA:72,3
DA:74,3
DA:78,4
DA:79,4
DA:80,4
DA:82,3
DA:83,3
DA:85,3
DA:87,3
DA:88,1
DA:93,1
DA:94,1
DA:96,1
DA:97,1
DA:99,1
DA:100,1
DA:102,1
DA:106,1
LF:35
LH:35
BRDA:39,1,0,7
BRDA:39,1,1,4
BRDA:44,2,0,7
BRDA:44,2,1,1
BRDA:53,3,0,7
BRDA:53,3,1,0
BRDA:54,4,0,7
BRDA:54,4,1,0
BRDA:65,5,0,3
BRDA:65,5,1,1
BRDA:77,6,0,4
BRDA:77,6,1,0
BRDA:78,7,0,4
BRDA:78,7,1,0
BRDA:79,8,0,4
BRDA:79,8,1,0
BRDA:80,9,0,3
BRDA:80,9,1,1
BRDA:87,10,0,1
BRDA:87,10,1,2
BRDA:94,11,0,1
BRDA:94,11,1,0
BRDA:100,12,0,1
BRDA:100,12,1,0
BRF:24
BRH:17
end_of_record
