TN:
SF:C:\Users\vladi_yqlvb38\HaitiAidShield\contracts\HaitiAidShield.sol
FN:36,onlyTrustee
FN:52,constructor
FN:65,proposeAid
FN:77,approveAid
FN:92,executeDisbursement
FN:105,getContractBalance
FNF:6
FNH:0
FNDA:0,onlyTrustee
FNDA:0,constructor
FNDA:0,proposeAid
FNDA:0,approveAid
FNDA:0,executeDisbursement
FNDA:0,getContractBalance
DA:37,0
DA:38,0
DA:39,0
DA:40,0
DA:41,0
DA:44,0
DA:45,0
DA:53,0
DA:54,0
DA:55,0
DA:56,0
DA:66,0
DA:67,0
DA:68,0
DA:69,0
DA:70,0
DA:71,0
DA:72,0
DA:74,0
DA:78,0
DA:79,0
DA:80,0
DA:82,0
DA:83,0
DA:85,0
DA:87,0
DA:88,0
DA:93,0
DA:94,0
DA:96,0
DA:97,0
DA:99,0
DA:100,0
DA:102,0
DA:106,0
LF:35
LH:0
BRDA:39,1,0,0
BRDA:39,1,1,0
BRDA:44,2,0,0
BRDA:44,2,1,0
BRDA:53,3,0,0
BRDA:53,3,1,0
BRDA:54,4,0,0
BRDA:54,4,1,0
BRDA:65,5,0,0
BRDA:65,5,1,0
BRDA:77,6,0,0
BRDA:77,6,1,0
BRDA:78,7,0,0
BRDA:78,7,1,0
BRDA:79,8,0,0
BRDA:79,8,1,0
BRDA:80,9,0,0
BRDA:80,9,1,0
BRDA:87,10,0,0
BRDA:87,10,1,0
BRDA:94,11,0,0
BRDA:94,11,1,0
BRDA:100,12,0,0
BRDA:100,12,1,0
BRF:24
BRH:0
end_of_record
